<?xml version="1.0" encoding="UTF-8"?>
<coverage generated="1681739517591" clover="3.2.0">
  <project timestamp="1681739517591" name="All files">
    <metrics statements="37" coveredstatements="20" conditionals="14" coveredconditionals="5" methods="25" coveredmethods="10" elements="76" coveredelements="35" complexity="0" loc="37" ncloc="37" packages="2" files="5" classes="5"/>
    <package name="src">
      <metrics statements="24" coveredstatements="7" conditionals="6" coveredconditionals="0" methods="17" coveredmethods="2"/>
      <file name="App.js" path="C:\Users\oshea\Downloads\BounceInsights\BounceInsights\Client\src\App.js">
        <metrics statements="24" coveredstatements="7" conditionals="6" coveredconditionals="0" methods="17" coveredmethods="2"/>
        <line num="12" count="0" type="stmt"/>
        <line num="16" count="1" type="stmt"/>
        <line num="24" count="1" type="stmt"/>
        <line num="26" count="1" type="stmt"/>
        <line num="27" count="0" type="stmt"/>
        <line num="28" count="0" type="stmt"/>
        <line num="30" count="0" type="stmt"/>
        <line num="31" count="0" type="stmt"/>
        <line num="33" count="0" type="stmt"/>
        <line num="46" count="0" type="stmt"/>
        <line num="51" count="1" type="stmt"/>
        <line num="52" count="0" type="stmt"/>
        <line num="53" count="0" type="stmt"/>
        <line num="60" count="1" type="stmt"/>
        <line num="61" count="1" type="stmt"/>
        <line num="62" count="0" type="stmt"/>
        <line num="64" count="0" type="stmt"/>
        <line num="68" count="0" type="cond" truecount="0" falsecount="2"/>
        <line num="69" count="0" type="stmt"/>
        <line num="77" count="1" type="stmt"/>
        <line num="114" count="0" type="stmt"/>
        <line num="127" count="0" type="stmt"/>
        <line num="129" count="0" type="stmt"/>
        <line num="173" count="0" type="stmt"/>
      </file>
    </package>
    <package name="src.components">
      <metrics statements="13" coveredstatements="13" conditionals="8" coveredconditionals="5" methods="8" coveredmethods="8"/>
      <file name="Country.js" path="C:\Users\oshea\Downloads\BounceInsights\BounceInsights\Client\src\components\Country.js">
        <metrics statements="3" coveredstatements="3" conditionals="2" coveredconditionals="2" methods="2" coveredmethods="2"/>
        <line num="3" count="2" type="stmt"/>
        <line num="4" count="3" type="stmt"/>
        <line num="21" count="16" type="stmt"/>
      </file>
      <file name="CountryList.js" path="C:\Users\oshea\Downloads\BounceInsights\BounceInsights\Client\src\components\CountryList.js">
        <metrics statements="4" coveredstatements="4" conditionals="6" coveredconditionals="3" methods="3" coveredmethods="3"/>
        <line num="1" count="2" type="stmt"/>
        <line num="2" count="4" type="stmt"/>
        <line num="7" count="3" type="cond" truecount="1" falsecount="1"/>
        <line num="10" count="1" type="stmt"/>
      </file>
      <file name="GridStat.js" path="C:\Users\oshea\Downloads\BounceInsights\BounceInsights\Client\src\components\GridStat.js">
        <metrics statements="2" coveredstatements="2" conditionals="0" coveredconditionals="0" methods="1" coveredmethods="1"/>
        <line num="1" count="3" type="stmt"/>
        <line num="2" count="17" type="stmt"/>
      </file>
      <file name="SearchBar.js" path="C:\Users\oshea\Downloads\BounceInsights\BounceInsights\Client\src\components\SearchBar.js">
        <metrics statements="4" coveredstatements="4" conditionals="0" coveredconditionals="0" methods="2" coveredmethods="2"/>
        <line num="1" count="2" type="stmt"/>
        <line num="2" count="3" type="stmt"/>
        <line num="3" count="3" type="stmt"/>
        <line num="16" count="1" type="stmt"/>
      </file>
    </package>
  </project>
</coverage>
