{"C:\\Users\\oshea\\Downloads\\BounceInsights\\BounceInsights\\Client\\src\\App.js": {"path":"C:\\Users\\oshea\\Downloads\\BounceInsights\\BounceInsights\\Client\\src\\App.js","statementMap":{"0":{"start":{"line":12,"column":2},"end":{"line":12,"column":42}},"1":{"start":{"line":16,"column":28},"end":{"line":23,"column":4}},"2":{"start":{"line":24,"column":40},"end":{"line":24,"column":55}},"3":{"start":{"line":26,"column":26},"end":{"line":49,"column":3}},"4":{"start":{"line":27,"column":4},"end":{"line":48,"column":7}},"5":{"start":{"line":28,"column":15},"end":{"line":28,"column":23}},"6":{"start":{"line":30,"column":16},"end":{"line":30,"column":20}},"7":{"start":{"line":31,"column":6},"end":{"line":31,"column":20}},"8":{"start":{"line":33,"column":6},"end":{"line":47,"column":8}},"9":{"start":{"line":46,"column":47},"end":{"line":46,"column":65}},"10":{"start":{"line":51,"column":32},"end":{"line":58,"column":3}},"11":{"start":{"line":52,"column":19},"end":{"line":52,"column":153}},"12":{"start":{"line":52,"column":55},"end":{"line":52,"column":152}},"13":{"start":{"line":53,"column":4},"end":{"line":57,"column":7}},"14":{"start":{"line":60,"column":2},"end":{"line":75,"column":11}},"15":{"start":{"line":61,"column":4},"end":{"line":75,"column":4}},"16":{"start":{"line":62,"column":15},"end":{"line":62,"column":23}},"17":{"start":{"line":64,"column":18},"end":{"line":68,"column":50}},"18":{"start":{"line":64,"column":31},"end":{"line":68,"column":7}},"19":{"start":{"line":68,"column":25},"end":{"line":68,"column":49}},"20":{"start":{"line":69,"column":6},"end":{"line":74,"column":7}},"21":{"start":{"line":77,"column":2},"end":{"line":184,"column":3}},"22":{"start":{"line":114,"column":86},"end":{"line":114,"column":107}},"23":{"start":{"line":127,"column":32},"end":{"line":150,"column":37}},"24":{"start":{"line":129,"column":51},"end":{"line":129,"column":77}},"25":{"start":{"line":173,"column":98},"end":{"line":173,"column":118}}},"fnMap":{"0":{"name":"classNames","decl":{"start":{"line":11,"column":9},"end":{"line":11,"column":19}},"loc":{"start":{"line":11,"column":32},"end":{"line":13,"column":1}},"line":11},"1":{"name":"App","decl":{"start":{"line":15,"column":9},"end":{"line":15,"column":12}},"loc":{"start":{"line":15,"column":15},"end":{"line":185,"column":1}},"line":15},"2":{"name":"(anonymous_2)","decl":{"start":{"line":26,"column":26},"end":{"line":26,"column":27}},"loc":{"start":{"line":26,"column":39},"end":{"line":49,"column":3}},"line":26},"3":{"name":"(anonymous_3)","decl":{"start":{"line":28,"column":10},"end":{"line":28,"column":11}},"loc":{"start":{"line":28,"column":15},"end":{"line":28,"column":23}},"line":28},"4":{"name":"(anonymous_4)","decl":{"start":{"line":29,"column":10},"end":{"line":29,"column":11}},"loc":{"start":{"line":29,"column":15},"end":{"line":48,"column":5}},"line":29},"5":{"name":"(anonymous_5)","decl":{"start":{"line":46,"column":42},"end":{"line":46,"column":43}},"loc":{"start":{"line":46,"column":47},"end":{"line":46,"column":65}},"line":46},"6":{"name":"(anonymous_6)","decl":{"start":{"line":51,"column":32},"end":{"line":51,"column":33}},"loc":{"start":{"line":51,"column":39},"end":{"line":58,"column":3}},"line":51},"7":{"name":"(anonymous_7)","decl":{"start":{"line":52,"column":42},"end":{"line":52,"column":43}},"loc":{"start":{"line":52,"column":55},"end":{"line":52,"column":152}},"line":52},"8":{"name":"(anonymous_8)","decl":{"start":{"line":60,"column":12},"end":{"line":60,"column":13}},"loc":{"start":{"line":60,"column":18},"end":{"line":75,"column":5}},"line":60},"9":{"name":"(anonymous_9)","decl":{"start":{"line":62,"column":10},"end":{"line":62,"column":11}},"loc":{"start":{"line":62,"column":15},"end":{"line":62,"column":23}},"line":62},"10":{"name":"(anonymous_10)","decl":{"start":{"line":63,"column":10},"end":{"line":63,"column":11}},"loc":{"start":{"line":63,"column":15},"end":{"line":75,"column":3}},"line":63},"11":{"name":"(anonymous_11)","decl":{"start":{"line":64,"column":24},"end":{"line":64,"column":25}},"loc":{"start":{"line":64,"column":29},"end":{"line":68,"column":8}},"line":64},"12":{"name":"(anonymous_12)","decl":{"start":{"line":68,"column":15},"end":{"line":68,"column":16}},"loc":{"start":{"line":68,"column":25},"end":{"line":68,"column":49}},"line":68},"13":{"name":"(anonymous_13)","decl":{"start":{"line":114,"column":80},"end":{"line":114,"column":81}},"loc":{"start":{"line":114,"column":86},"end":{"line":114,"column":107}},"line":114},"14":{"name":"(anonymous_14)","decl":{"start":{"line":126,"column":52},"end":{"line":126,"column":53}},"loc":{"start":{"line":127,"column":32},"end":{"line":150,"column":37}},"line":127},"15":{"name":"(anonymous_15)","decl":{"start":{"line":129,"column":45},"end":{"line":129,"column":46}},"loc":{"start":{"line":129,"column":51},"end":{"line":129,"column":77}},"line":129},"16":{"name":"(anonymous_16)","decl":{"start":{"line":173,"column":92},"end":{"line":173,"column":93}},"loc":{"start":{"line":173,"column":98},"end":{"line":173,"column":118}},"line":173}},"branchMap":{"0":{"loc":{"start":{"line":68,"column":25},"end":{"line":68,"column":49}},"type":"cond-expr","locations":[{"start":{"line":68,"column":43},"end":{"line":68,"column":44}},{"start":{"line":68,"column":47},"end":{"line":68,"column":49}}],"line":68},"1":{"loc":{"start":{"line":131,"column":38},"end":{"line":133,"column":76}},"type":"cond-expr","locations":[{"start":{"line":132,"column":42},"end":{"line":132,"column":55}},{"start":{"line":133,"column":42},"end":{"line":133,"column":76}}],"line":131},"2":{"loc":{"start":{"line":139,"column":40},"end":{"line":139,"column":110}},"type":"cond-expr","locations":[{"start":{"line":139,"column":55},"end":{"line":139,"column":67}},{"start":{"line":139,"column":70},"end":{"line":139,"column":110}}],"line":139}},"s":{"0":0,"1":1,"2":1,"3":1,"4":0,"5":0,"6":0,"7":0,"8":0,"9":0,"10":1,"11":0,"12":0,"13":0,"14":1,"15":1,"16":0,"17":0,"18":0,"19":0,"20":0,"21":1,"22":0,"23":0,"24":0,"25":0},"f":{"0":0,"1":1,"2":0,"3":0,"4":0,"5":0,"6":0,"7":0,"8":1,"9":0,"10":0,"11":0,"12":0,"13":0,"14":0,"15":0,"16":0},"b":{"0":[0,0],"1":[0,0],"2":[0,0]},"_coverageSchema":"1a1c01bbd47fc00a2c39e90264f33305004495a9","hash":"e808183fa92f2cd932c67d9afebc8c58b9c44b01"}
,"C:\\Users\\oshea\\Downloads\\BounceInsights\\BounceInsights\\Client\\src\\components\\Country.js": {"path":"C:\\Users\\oshea\\Downloads\\BounceInsights\\BounceInsights\\Client\\src\\components\\Country.js","statementMap":{"0":{"start":{"line":3,"column":23},"end":{"line":27,"column":1}},"1":{"start":{"line":4,"column":4},"end":{"line":26,"column":5}},"2":{"start":{"line":21,"column":56},"end":{"line":21,"column":104}}},"fnMap":{"0":{"name":"(anonymous_0)","decl":{"start":{"line":3,"column":23},"end":{"line":3,"column":24}},"loc":{"start":{"line":3,"column":63},"end":{"line":27,"column":1}},"line":3},"1":{"name":"(anonymous_1)","decl":{"start":{"line":21,"column":47},"end":{"line":21,"column":48}},"loc":{"start":{"line":21,"column":56},"end":{"line":21,"column":104}},"line":21}},"branchMap":{"0":{"loc":{"start":{"line":13,"column":30},"end":{"line":13,"column":95}},"type":"cond-expr","locations":[{"start":{"line":13,"column":41},"end":{"line":13,"column":80}},{"start":{"line":13,"column":83},"end":{"line":13,"column":95}}],"line":13}},"s":{"0":2,"1":3,"2":16},"f":{"0":3,"1":16},"b":{"0":[1,2]},"_coverageSchema":"1a1c01bbd47fc00a2c39e90264f33305004495a9","hash":"2de71ef73ce404f49d351cb15c3e5130eba0d03e"}
,"C:\\Users\\oshea\\Downloads\\BounceInsights\\BounceInsights\\Client\\src\\components\\CountryList.js": {"path":"C:\\Users\\oshea\\Downloads\\BounceInsights\\BounceInsights\\Client\\src\\components\\CountryList.js","statementMap":{"0":{"start":{"line":1,"column":27},"end":{"line":37,"column":1}},"1":{"start":{"line":2,"column":4},"end":{"line":36,"column":5}},"2":{"start":{"line":7,"column":24},"end":{"line":31,"column":29}},"3":{"start":{"line":10,"column":43},"end":{"line":10,"column":69}}},"fnMap":{"0":{"name":"(anonymous_0)","decl":{"start":{"line":1,"column":27},"end":{"line":1,"column":28}},"loc":{"start":{"line":1,"column":79},"end":{"line":37,"column":1}},"line":1},"1":{"name":"(anonymous_1)","decl":{"start":{"line":6,"column":30},"end":{"line":6,"column":31}},"loc":{"start":{"line":7,"column":24},"end":{"line":31,"column":29}},"line":7},"2":{"name":"(anonymous_2)","decl":{"start":{"line":10,"column":37},"end":{"line":10,"column":38}},"loc":{"start":{"line":10,"column":43},"end":{"line":10,"column":69}},"line":10}},"branchMap":{"0":{"loc":{"start":{"line":7,"column":55},"end":{"line":7,"column":154}},"type":"cond-expr","locations":[{"start":{"line":7,"column":85},"end":{"line":7,"column":115}},{"start":{"line":7,"column":118},"end":{"line":7,"column":154}}],"line":7},"1":{"loc":{"start":{"line":12,"column":32},"end":{"line":14,"column":68}},"type":"cond-expr","locations":[{"start":{"line":13,"column":34},"end":{"line":13,"column":47}},{"start":{"line":14,"column":34},"end":{"line":14,"column":68}}],"line":12},"2":{"loc":{"start":{"line":20,"column":32},"end":{"line":20,"column":102}},"type":"cond-expr","locations":[{"start":{"line":20,"column":47},"end":{"line":20,"column":59}},{"start":{"line":20,"column":62},"end":{"line":20,"column":102}}],"line":20}},"s":{"0":2,"1":4,"2":3,"3":1},"f":{"0":4,"1":3,"2":1},"b":{"0":[3,0],"1":[3,0],"2":[3,0]},"_coverageSchema":"1a1c01bbd47fc00a2c39e90264f33305004495a9","hash":"5930eee2218cf8d4c95f07a4da1e5519f4ab7ac0"}
,"C:\\Users\\oshea\\Downloads\\BounceInsights\\BounceInsights\\Client\\src\\components\\GridStat.js": {"path":"C:\\Users\\oshea\\Downloads\\BounceInsights\\BounceInsights\\Client\\src\\components\\GridStat.js","statementMap":{"0":{"start":{"line":1,"column":24},"end":{"line":10,"column":1}},"1":{"start":{"line":2,"column":4},"end":{"line":9,"column":5}}},"fnMap":{"0":{"name":"(anonymous_0)","decl":{"start":{"line":1,"column":24},"end":{"line":1,"column":25}},"loc":{"start":{"line":1,"column":49},"end":{"line":10,"column":1}},"line":1}},"branchMap":{},"s":{"0":3,"1":17},"f":{"0":17},"b":{},"_coverageSchema":"1a1c01bbd47fc00a2c39e90264f33305004495a9","hash":"2ca24e4fe3634d25567ef5a45d4bed5a5f968a37"}
,"C:\\Users\\oshea\\Downloads\\BounceInsights\\BounceInsights\\Client\\src\\components\\SearchBar.js": {"path":"C:\\Users\\oshea\\Downloads\\BounceInsights\\BounceInsights\\Client\\src\\components\\SearchBar.js","statementMap":{"0":{"start":{"line":1,"column":18},"end":{"line":21,"column":1}},"1":{"start":{"line":2,"column":23},"end":{"line":2,"column":28}},"2":{"start":{"line":3,"column":2},"end":{"line":20,"column":3}},"3":{"start":{"line":16,"column":25},"end":{"line":16,"column":36}}},"fnMap":{"0":{"name":"(anonymous_0)","decl":{"start":{"line":1,"column":18},"end":{"line":1,"column":19}},"loc":{"start":{"line":1,"column":29},"end":{"line":21,"column":1}},"line":1},"1":{"name":"(anonymous_1)","decl":{"start":{"line":16,"column":20},"end":{"line":16,"column":21}},"loc":{"start":{"line":16,"column":25},"end":{"line":16,"column":36}},"line":16}},"branchMap":{},"s":{"0":2,"1":3,"2":3,"3":1},"f":{"0":3,"1":1},"b":{},"_coverageSchema":"1a1c01bbd47fc00a2c39e90264f33305004495a9","hash":"5a3388f11c4be4cf0a678bedb869b11b25f38154"}
}
