TN:
SF:src\App.js
FN:11,classNames
FN:15,App
FN:26,(anonymous_2)
FN:28,(anonymous_3)
FN:29,(anonymous_4)
FN:46,(anonymous_5)
FN:51,(anonymous_6)
FN:52,(anonymous_7)
FN:60,(anonymous_8)
FN:62,(anonymous_9)
FN:63,(anonymous_10)
FN:64,(anonymous_11)
FN:68,(anonymous_12)
FN:114,(anonymous_13)
FN:126,(anonymous_14)
FN:129,(anonymous_15)
FN:173,(anonymous_16)
FNF:17
FNH:2
FNDA:0,classNames
FNDA:1,App
FNDA:0,(anonymous_2)
FNDA:0,(anonymous_3)
FNDA:0,(anonymous_4)
FNDA:0,(anonymous_5)
FNDA:0,(anonymous_6)
FNDA:0,(anonymous_7)
FNDA:1,(anonymous_8)
FNDA:0,(anonymous_9)
FNDA:0,(anonymous_10)
FNDA:0,(anonymous_11)
FNDA:0,(anonymous_12)
FNDA:0,(anonymous_13)
FNDA:0,(anonymous_14)
FNDA:0,(anonymous_15)
FNDA:0,(anonymous_16)
DA:12,0
DA:16,1
DA:24,1
DA:26,1
DA:27,0
DA:28,0
DA:30,0
DA:31,0
DA:33,0
DA:46,0
DA:51,1
DA:52,0
DA:53,0
DA:60,1
DA:61,1
DA:62,0
DA:64,0
DA:68,0
DA:69,0
DA:77,1
DA:114,0
DA:127,0
DA:129,0
DA:173,0
LF:24
LH:7
BRDA:68,0,0,0
BRDA:68,0,1,0
BRDA:131,1,0,0
BRDA:131,1,1,0
BRDA:139,2,0,0
BRDA:139,2,1,0
BRF:6
BRH:0
end_of_record
TN:
SF:src\components\Country.js
FN:3,(anonymous_0)
FN:21,(anonymous_1)
FNF:2
FNH:2
FNDA:3,(anonymous_0)
FNDA:16,(anonymous_1)
DA:3,2
DA:4,3
DA:21,16
LF:3
LH:3
BRDA:13,0,0,1
BRDA:13,0,1,2
BRF:2
BRH:2
end_of_record
TN:
SF:src\components\CountryList.js
FN:1,(anonymous_0)
FN:6,(anonymous_1)
FN:10,(anonymous_2)
FNF:3
FNH:3
FNDA:4,(anonymous_0)
FNDA:3,(anonymous_1)
FNDA:1,(anonymous_2)
DA:1,2
DA:2,4
DA:7,3
DA:10,1
LF:4
LH:4
BRDA:7,0,0,3
BRDA:7,0,1,0
BRDA:12,1,0,3
BRDA:12,1,1,0
BRDA:20,2,0,3
BRDA:20,2,1,0
BRF:6
BRH:3
end_of_record
TN:
SF:src\components\GridStat.js
FN:1,(anonymous_0)
FNF:1
FNH:1
FNDA:17,(anonymous_0)
DA:1,3
DA:2,17
LF:2
LH:2
BRF:0
BRH:0
end_of_record
TN:
SF:src\components\SearchBar.js
FN:1,(anonymous_0)
FN:16,(anonymous_1)
FNF:2
FNH:2
FNDA:3,(anonymous_0)
FNDA:1,(anonymous_1)
DA:1,2
DA:2,3
DA:3,3
DA:16,1
LF:4
LH:4
BRF:0
BRH:0
end_of_record
